2023-12-20 21:32:43,498 - INFO - ---------------原始数据变量---------------
2023-12-20 21:32:43,499 - INFO - ------['CRIM', 'ZN', 'INDUS', 'CHAS', 'NOX', 'RM', 'AGE', 'DIS', 'RAD', 'TAX', 'PTRATIO', 'B', 'LSTAT']------
2023-12-20 21:32:43,499 - INFO - 

2023-12-20 21:32:43,499 - INFO - --------------------数据预处理--------------------
2023-12-20 21:32:43,499 - INFO - -------------------缺失值处理-------------------
2023-12-20 21:32:43,526 - INFO - ---------------------标准化---------------------
2023-12-20 21:32:43,541 - INFO - 各变量样本均值：[3.4334, 11.7636, 10.982, 0.0646, 0.5524, 6.3018, 67.9286, 3.8478, 9.2283, 402.5091, 18.4168, 357.4171, 12.6472]
2023-12-20 21:32:43,542 - INFO - 各变量样本方差：[72.5712, 570.9381, 46.9138, 0.0605, 0.0134, 0.4625, 788.2509, 4.3944, 72.6045, 27469.3004, 4.7125, 8238.1233, 49.8023]
2023-12-20 21:32:43,543 - INFO - ------------------y_new=log(y)------------------
2023-12-20 21:32:43,544 - INFO - 

2023-12-20 21:32:43,620 - INFO - 筛选特征前的模型评价结果：
2023-12-20 21:32:43,623 - INFO - r2=0.8063
2023-12-20 21:32:43,625 - INFO - mse=0.0317
2023-12-20 21:32:43,626 - INFO - mae=0.1238
2023-12-20 21:32:43,717 - INFO - cross_validation-kflod=5:
2023-12-20 21:32:43,717 - INFO - r2_mean=0.7855505342692876
2023-12-20 21:32:43,717 - INFO - mse_mean=0.03385460379267373
2023-12-20 21:32:43,718 - INFO - mae_mean=0.12848483722598908
2023-12-20 21:32:43,895 - INFO - cross_validation-kflod=10:
2023-12-20 21:32:43,896 - INFO - r2_mean=0.7823751749938574
2023-12-20 21:32:43,896 - INFO - mse_mean=0.034263210469323915
2023-12-20 21:32:43,896 - INFO - mae_mean=0.12856249584522322
2023-12-20 21:32:43,986 - INFO - --------------------------------------------------------------------------------
2023-12-20 21:32:43,987 - INFO - 一元回归t检验的p值和t值
2023-12-20 21:32:43,987 - INFO - p=[1.0152676134900616e-38, 2.5550060886214074e-17, 1.0870234087250926e-42, 0.0017713028707323595, 5.064090573746273e-37, 1.8762509962254602e-67, 1.3571581538583834e-27, 1.510526110079659e-16, 1.0993570853621715e-34, 1.5204825039110052e-48, 1.9737954335605243e-35, 7.593158873928573e-22, 7.451945444046488e-112]
2023-12-20 21:32:43,987 - INFO - t=[-14.224584270993667, 8.787171271900535, -15.115854340640922, 3.143281262655256, -13.836600291198728, 20.386001260992337, -11.579576971923789, 8.553982410001478, -13.294805999310505, -16.397476514180497, -13.468799997019852, 10.078238309914989, -29.692891761427255]
2023-12-20 21:32:43,998 - INFO - -------------------------原始数据特征选择的六大标准：--------------------------
2023-12-20 21:32:53,692 - INFO - Rp_square=0.8063, Rap_square=0.8011, Cp=14.0, AIC=-1680.552, SBC=-1621.6882, PRESS=17.0446
2023-12-20 21:32:53,694 - INFO - --------------------------------------------------------------------------------
2023-12-20 21:32:53,694 - INFO - 

2023-12-20 21:32:53,696 - INFO - -------------------------删除一元回归中p值>0.05的变量-------------------------
2023-12-20 21:32:53,699 - INFO - -------------------------删除[]后的六大标准：-------------------------
2023-12-20 21:33:02,993 - INFO - Rp_square=0.8063, Rap_square=0.8011, Cp=14.0, AIC=-1680.552, SBC=-1621.6882, PRESS=17.0446
2023-12-20 21:33:02,994 - INFO - --------------------------------------------------------------------------------
2023-12-20 21:33:02,994 - INFO - 

2023-12-20 21:33:03,050 - INFO - ----------删除多重共线性变量RAD----------
2023-12-20 21:33:12,463 - INFO - Rp_square=0.7982, Rap_square=0.7932, Cp=32.2548, AIC=-1662.1346, SBC=-1607.4754, PRESS=17.6369
2023-12-20 21:33:12,466 - INFO - ----------删除多重共线性变量TAX----------
2023-12-20 21:33:21,622 - INFO - Rp_square=0.7987, Rap_square=0.7937, Cp=30.9813, AIC=-1663.3938, SBC=-1608.7346, PRESS=17.6533
2023-12-20 21:33:21,624 - INFO - ----------删除多重共线性变量['RAD', 'TAX']----------
2023-12-20 21:33:30,315 - INFO - Rp_square=0.7974, Rap_square=0.7928, Cp=32.0866, AIC=-1662.3289, SBC=-1611.8742, PRESS=17.6202
2023-12-20 21:33:30,316 - INFO - 删除多重共线性变量后六个指标中两个R方变小，剩下四个变大了，说明效果更差，说明多重共线性变量对模型影响并不大，可保留
2023-12-20 21:33:30,334 - INFO - 

2023-12-20 21:33:30,334 - INFO - --------------------------------------------------------------------------------
2023-12-20 21:33:30,334 - INFO - 当前总变量**['LSTAT', 'RM', 'CRIM', 'PTRATIO', 'DIS', 'NOX', 'RAD', 'TAX', 'B', 'CHAS', 'ZN', 'INDUS', 'AGE']**
2023-12-20 21:33:30,334 - INFO - --------------------------开始前向逐步回归--------------------------------
2023-12-20 21:33:30,336 - INFO - --------------------------------------------------------------------------------
2023-12-20 21:33:30,336 - INFO - 加入变量**LSTAT**(1.3520869830020826e-25<0.05)， 当前已选择变量**['LSTAT']**
2023-12-20 21:33:35,396 - INFO - Rp_square=0.6414, Rap_square=0.6406, Cp=399.7375, AIC=-1399.5417, SBC=-1391.1326, PRESS=29.4255
2023-12-20 21:33:35,509 - INFO - --------------------------------------------------------------------------------
2023-12-20 21:33:35,509 - INFO - 确认加入变量**PTRATIO**(3.759008040295347e-19<0.05)，当前已有变量**['LSTAT', 'PTRATIO']**
2023-12-20 21:33:40,892 - INFO - Rp_square=0.6952, Rap_square=0.694, Cp=267.9529, AIC=-1478.1023, SBC=-1465.4886, PRESS=25.091
2023-12-20 21:33:40,902 - INFO - --------------------------------------------------------------------------------
2023-12-20 21:33:40,902 - INFO -

2023-12-20 21:33:40,999 - INFO - --------------------------------------------------------------------------------
2023-12-20 21:33:41,000 - INFO - 确认加入变量**RM**(2.9030104024215314e-13<0.05)，当前已有变量**['LSTAT', 'PTRATIO', 'RM']**
2023-12-20 21:33:46,932 - INFO - Rp_square=0.7266, Rap_square=0.7249, Cp=192.0488, AIC=-1529.8633, SBC=-1513.0451, PRESS=22.6636
2023-12-20 21:33:46,944 - INFO - --------------------------------------------------------------------------------
2023-12-20 21:33:46,944 - INFO -

2023-12-20 21:33:47,039 - INFO - --------------------------------------------------------------------------------
2023-12-20 21:33:47,040 - INFO - 确认加入变量**CRIM**(4.475971101558307e-18<0.05)，当前已有变量**['LSTAT', 'PTRATIO', 'RM', 'CRIM']**
2023-12-20 21:33:53,099 - INFO - Rp_square=0.7655, Rap_square=0.7636, Cp=97.4681, AIC=-1603.8055, SBC=-1582.7827, PRESS=19.6702
2023-12-20 21:33:53,111 - INFO - --------------------------------------------------------------------------------
2023-12-20 21:33:53,111 - INFO -

2023-12-20 21:33:53,202 - INFO - --------------------------------------------------------------------------------
2023-12-20 21:33:53,202 - INFO - 确认加入变量**B**(3.137543548264124e-06<0.05)，当前已有变量**['LSTAT', 'PTRATIO', 'RM', 'CRIM', 'B']**
2023-12-20 21:34:00,004 - INFO - Rp_square=0.7757, Rap_square=0.7734, Cp=74.1254, AIC=-1623.8251, SBC=-1598.5978, PRESS=19.029
2023-12-20 21:34:00,016 - INFO - --------------------------------------------------------------------------------
2023-12-20 21:34:00,017 - INFO -

2023-12-20 21:34:00,104 - INFO - --------------------------------------------------------------------------------
2023-12-20 21:34:00,105 - INFO - 确认加入变量**DIS**(0.0036482889836309787<0.05)，当前已有变量**['LSTAT', 'PTRATIO', 'RM', 'CRIM', 'B', 'DIS']**
2023-12-20 21:34:06,755 - INFO - Rp_square=0.7795, Rap_square=0.7768, Cp=66.5506, AIC=-1630.4062, SBC=-1600.9743, PRESS=18.7928
2023-12-20 21:34:06,769 - INFO - --------------------------------------------------------------------------------
2023-12-20 21:34:06,770 - INFO -

2023-12-20 21:34:06,870 - INFO - --------------------------------------------------------------------------------
2023-12-20 21:34:06,871 - INFO - 确认加入变量**NOX**(1.5325053478659467e-08<0.05)，当前已有变量**['LSTAT', 'PTRATIO', 'RM', 'CRIM', 'B', 'DIS', 'NOX']**
2023-12-20 21:34:14,414 - INFO - Rp_square=0.7936, Rap_square=0.7906, Cp=33.6818, AIC=-1660.9769, SBC=-1627.3405, PRESS=17.6553
2023-12-20 21:34:14,428 - INFO - --------------------------------------------------------------------------------
2023-12-20 21:34:14,428 - INFO -

2023-12-20 21:34:14,506 - INFO - --------------------------------------------------------------------------------
2023-12-20 21:34:14,507 - INFO - 确认加入变量**CHAS**(0.0108407919948869<0.05)，当前已有变量**['LSTAT', 'PTRATIO', 'RM', 'CRIM', 'B', 'DIS', 'NOX', 'CHAS']**
2023-12-20 21:34:22,214 - INFO - Rp_square=0.7963, Rap_square=0.793, Cp=28.8727, AIC=-1665.5952, SBC=-1627.7541, PRESS=17.4862
2023-12-20 21:34:22,229 - INFO - --------------------------------------------------------------------------------
2023-12-20 21:34:22,230 - INFO -

2023-12-20 21:34:22,295 - INFO - --------------------------------------------------------------------------------
2023-12-20 21:34:22,296 - INFO - 剩余的所有变量均不显著，当前已选择变量**['LSTAT', 'PTRATIO', 'RM', 'CRIM', 'B', 'DIS', 'NOX', 'CHAS']**
2023-12-20 21:34:22,296 - INFO - --------------------------------------------------------------------------------
2023-12-20 21:34:22,296 - INFO - ********************['LSTAT', 'PTRATIO', 'RM', 'CRIM', 'B', 'DIS', 'NOX', 'CHAS']********************
2023-12-20 21:34:29,973 - INFO - Rp_square=0.7963, Rap_square=0.793, Cp=28.8727, AIC=-1665.5952, SBC=-1627.7541, PRESS=17.4862
2023-12-20 21:34:29,973 - INFO - --------------------------------------------------------------------------------
2023-12-20 21:34:29,973 - INFO - 普通多元线性回归模型的结果：
2023-12-20 21:34:29,984 - INFO - 变量：['LSTAT', 'PTRATIO', 'RM', 'CRIM', 'B', 'DIS', 'NOX', 'CHAS']
2023-12-20 21:34:29,984 - INFO - 系数：[-0.16624497646122152, -0.08144822356688061, 0.10440018874326568, -0.0760608664395083, 0.03729496834264342, -0.07827969861676982, -0.08475363882237386, 0.021643431166749633]
2023-12-20 21:34:29,985 - INFO - 截距：3.033107546784684
2023-12-20 21:34:30,004 - INFO - 筛选特征后的模型评价结果：
2023-12-20 21:34:30,007 - INFO - r2=0.7963
2023-12-20 21:34:30,009 - INFO - mse=0.0333
2023-12-20 21:34:30,011 - INFO - mae=0.1264
2023-12-20 21:34:30,121 - INFO - cross_validation-kflod=5:
2023-12-20 21:34:30,122 - INFO - r2_mean=0.7794122966096791
2023-12-20 21:34:30,122 - INFO - mse_mean=0.03484605227525187
2023-12-20 21:34:30,122 - INFO - mae_mean=0.1298031382625863
2023-12-20 21:34:30,333 - INFO - cross_validation-kflod=10:
2023-12-20 21:34:30,333 - INFO - r2_mean=0.7760618386754745
2023-12-20 21:34:30,333 - INFO - mse_mean=0.03522255983200636
2023-12-20 21:34:30,334 - INFO - mae_mean=0.12975596424778268
2023-12-20 21:34:30,334 - INFO - --------------------------------------------------------------------------------
2023-12-20 21:34:30,334 - INFO - 岭回归模型的结果：
2023-12-20 21:34:30,343 - INFO - 变量：['LSTAT', 'PTRATIO', 'RM', 'CRIM', 'B', 'DIS', 'NOX', 'CHAS']
2023-12-20 21:34:30,343 - INFO - 系数：[-0.16600041177965488, -0.08139085613895082, 0.10447196892848078, -0.07604090216722263, 0.037341633322832385, -0.07788189659249065, -0.08448974203905446, 0.021645074649377462]
2023-12-20 21:34:30,344 - INFO - 截距：3.033107546784684
2023-12-20 21:34:30,365 - INFO - 筛选特征后的模型评价结果：
2023-12-20 21:34:30,367 - INFO - r2=0.7963
2023-12-20 21:34:30,373 - INFO - mse=0.0333
2023-12-20 21:34:30,376 - INFO - mae=0.1263
2023-12-20 21:34:30,597 - INFO - cross_validation-kflod=5:
2023-12-20 21:34:30,597 - INFO - r2_mean=0.7794122966096791
2023-12-20 21:34:30,598 - INFO - mse_mean=0.03484605227525187
2023-12-20 21:34:30,598 - INFO - mae_mean=0.1298031382625863
2023-12-20 21:34:30,799 - INFO - cross_validation-kflod=10:
2023-12-20 21:34:30,799 - INFO - r2_mean=0.7760618386754745
2023-12-20 21:34:30,799 - INFO - mse_mean=0.03522255983200636
2023-12-20 21:34:30,800 - INFO - mae_mean=0.12975596424778268
2023-12-20 21:34:30,800 - INFO - --------------------------------------------------------------------------------
