2023-12-20 12:08:03,788 - INFO - ---------------原始数据变量---------------
2023-12-20 12:08:03,789 - INFO - ------['CRIM', 'ZN', 'INDUS', 'CHAS', 'NOX', 'RM', 'AGE', 'DIS', 'RAD', 'TAX', 'PTRATIO', 'B', 'LSTAT']------
2023-12-20 12:08:03,789 - INFO - 

2023-12-20 12:08:03,789 - INFO - --------------------数据预处理--------------------
2023-12-20 12:08:03,790 - INFO - -------------------缺失值处理-------------------
2023-12-20 12:08:03,822 - INFO - ---------------------标准化---------------------
2023-12-20 12:08:03,836 - INFO - 各变量样本均值：[3.4334, 11.7636, 10.982, 0.0646, 0.5524, 6.3018, 67.9286, 3.8478, 9.2283, 402.5091, 18.4168, 357.4171, 12.6472]
2023-12-20 12:08:03,837 - INFO - 各变量样本方差：[72.5712, 570.9381, 46.9138, 0.0605, 0.0134, 0.4625, 788.2509, 4.3944, 72.6045, 27469.3004, 4.7125, 8238.1233, 49.8023]
2023-12-20 12:08:03,839 - INFO - ------------------y_new=log(y)------------------
2023-12-20 12:08:03,839 - INFO - 

2023-12-20 12:08:04,058 - INFO - 筛选特征前的模型评价结果：
2023-12-20 12:08:04,060 - INFO - r2=0.8063
2023-12-20 12:08:04,063 - INFO - mse=0.0317
2023-12-20 12:08:04,065 - INFO - mae=0.1238
2023-12-20 12:08:04,179 - INFO - cross_validation-kflod=5:
2023-12-20 12:08:04,179 - INFO - r2_mean=0.7855505342692876
2023-12-20 12:08:04,180 - INFO - mse_mean=0.03385460379267373
2023-12-20 12:08:04,180 - INFO - mae_mean=0.12848483722598908
2023-12-20 12:08:04,352 - INFO - cross_validation-kflod=10:
2023-12-20 12:08:04,352 - INFO - r2_mean=0.7823751749938574
2023-12-20 12:08:04,353 - INFO - mse_mean=0.034263210469323915
2023-12-20 12:08:04,353 - INFO - mae_mean=0.12856249584522322
2023-12-20 12:08:04,489 - INFO - --------------------------------------------------------------------------------
2023-12-20 12:08:04,489 - INFO - 一元回归t检验的p值和t值
2023-12-20 12:08:04,489 - INFO - p=[1.0152676134900616e-38, 2.5550060886214074e-17, 1.0870234087250926e-42, 0.0017713028707323595, 5.064090573746273e-37, 1.8762509962254602e-67, 1.3571581538583834e-27, 1.510526110079659e-16, 1.0993570853621715e-34, 1.5204825039110052e-48, 1.9737954335605243e-35, 7.593158873928573e-22, 7.451945444046488e-112]
2023-12-20 12:08:04,489 - INFO - t=[-14.224584270993667, 8.787171271900535, -15.115854340640922, 3.143281262655256, -13.836600291198728, 20.386001260992337, -11.579576971923789, 8.553982410001478, -13.294805999310505, -16.397476514180497, -13.468799997019852, 10.078238309914989, -29.692891761427255]
2023-12-20 12:08:04,501 - INFO - -------------------------原始数据特征选择的六大标准：--------------------------
2023-12-20 12:08:13,951 - INFO - Rp_square=0.8063, Rap_square=0.8011, Cp=14.0, AIC=-1680.552, SBC=-1621.6882, PRESS=17.0446
2023-12-20 12:08:13,951 - INFO - --------------------------------------------------------------------------------
2023-12-20 12:08:13,951 - INFO - 

2023-12-20 12:08:13,951 - INFO - -------------------------删除一元回归中p值>0.05的变量-------------------------
2023-12-20 12:08:13,953 - INFO - -------------------------删除[]后的六大标准：-------------------------
2023-12-20 12:08:23,579 - INFO - Rp_square=0.8063, Rap_square=0.8011, Cp=14.0, AIC=-1680.552, SBC=-1621.6882, PRESS=17.0446
2023-12-20 12:08:23,579 - INFO - --------------------------------------------------------------------------------
2023-12-20 12:08:23,580 - INFO - 

2023-12-20 12:08:23,636 - INFO - ----------删除多重共线性变量RAD----------
2023-12-20 12:08:32,869 - INFO - Rp_square=0.7982, Rap_square=0.7932, Cp=32.2548, AIC=-1662.1346, SBC=-1607.4754, PRESS=17.6369
2023-12-20 12:08:32,872 - INFO - ----------删除多重共线性变量TAX----------
2023-12-20 12:08:42,347 - INFO - Rp_square=0.7987, Rap_square=0.7937, Cp=30.9813, AIC=-1663.3938, SBC=-1608.7346, PRESS=17.6533
2023-12-20 12:08:42,350 - INFO - ----------删除多重共线性变量['RAD', 'TAX']----------
2023-12-20 12:08:51,296 - INFO - Rp_square=0.7974, Rap_square=0.7928, Cp=32.0866, AIC=-1662.3289, SBC=-1611.8742, PRESS=17.6202
2023-12-20 12:08:51,297 - INFO - 删除多重共线性变量后六个指标中两个R方变小，剩下四个变大了，说明效果更差，说明多重共线性变量对模型影响并不大，可保留
2023-12-20 12:08:51,316 - INFO - 

2023-12-20 12:08:51,316 - INFO - --------------------------------------------------------------------------------
2023-12-20 12:08:51,316 - INFO - 当前总变量**['LSTAT', 'RM', 'CRIM', 'PTRATIO', 'DIS', 'NOX', 'RAD', 'TAX', 'B', 'CHAS', 'ZN', 'INDUS', 'AGE']**
2023-12-20 12:08:51,316 - INFO - --------------------------开始前向逐步回归--------------------------------
2023-12-20 12:08:51,318 - INFO - --------------------------------------------------------------------------------
2023-12-20 12:08:51,324 - INFO - 加入变量**LSTAT**(AIC=5.207467343696976)， 当前已选择变量**['LSTAT']**
2023-12-20 12:08:56,332 - INFO - Rp_square=0.6414, Rap_square=0.6406, Cp=399.7375, AIC=-1399.5417, SBC=-1391.1326, PRESS=29.4255
2023-12-20 12:08:56,435 - INFO - --------------------------------------------------------------------------------
2023-12-20 12:08:56,435 - INFO - 确认加入变量**PTRATIO**(-73.35315525221756<5.207467343696976)，当前已有变量**['LSTAT', 'PTRATIO']**
2023-12-20 12:09:01,883 - INFO - Rp_square=0.6952, Rap_square=0.694, Cp=267.9529, AIC=-1478.1023, SBC=-1465.4886, PRESS=25.091
2023-12-20 12:09:01,891 - INFO - --------------------------------------------------------------------------------
2023-12-20 12:09:01,891 - INFO - 

2023-12-20 12:09:01,994 - INFO - --------------------------------------------------------------------------------
2023-12-20 12:09:01,994 - INFO - 确认加入变量**RM**(-125.11415491884634<-73.35315525221756)，当前已有变量**['LSTAT', 'PTRATIO', 'RM']**
2023-12-20 12:09:07,760 - INFO - Rp_square=0.7266, Rap_square=0.7249, Cp=192.0488, AIC=-1529.8633, SBC=-1513.0451, PRESS=22.6636
2023-12-20 12:09:07,776 - INFO - --------------------------------------------------------------------------------
2023-12-20 12:09:07,776 - INFO - 

2023-12-20 12:09:07,872 - INFO - --------------------------------------------------------------------------------
2023-12-20 12:09:07,873 - INFO - 确认加入变量**CRIM**(-199.05636050670012<-125.11415491884634)，当前已有变量**['LSTAT', 'PTRATIO', 'RM', 'CRIM']**
2023-12-20 12:09:13,741 - INFO - Rp_square=0.7655, Rap_square=0.7636, Cp=97.4681, AIC=-1603.8055, SBC=-1582.7827, PRESS=19.6702
2023-12-20 12:09:13,767 - INFO - --------------------------------------------------------------------------------
2023-12-20 12:09:13,768 - INFO - 

2023-12-20 12:09:13,876 - INFO - --------------------------------------------------------------------------------
2023-12-20 12:09:13,876 - INFO - 确认加入变量**B**(-219.0759654456832<-199.05636050670012)，当前已有变量**['LSTAT', 'PTRATIO', 'RM', 'CRIM', 'B']**
2023-12-20 12:09:20,231 - INFO - Rp_square=0.7757, Rap_square=0.7734, Cp=74.1254, AIC=-1623.8251, SBC=-1598.5978, PRESS=19.029
2023-12-20 12:09:20,265 - INFO - --------------------------------------------------------------------------------
2023-12-20 12:09:20,265 - INFO - 

2023-12-20 12:09:20,354 - INFO - --------------------------------------------------------------------------------
2023-12-20 12:09:20,354 - INFO - 确认加入变量**DIS**(-225.65703385692348<-219.0759654456832)，当前已有变量**['LSTAT', 'PTRATIO', 'RM', 'CRIM', 'B', 'DIS']**
2023-12-20 12:09:27,404 - INFO - Rp_square=0.7795, Rap_square=0.7768, Cp=66.5506, AIC=-1630.4062, SBC=-1600.9743, PRESS=18.7928
2023-12-20 12:09:27,531 - INFO - --------------------------------------------------------------------------------
2023-12-20 12:09:27,531 - INFO - 

2023-12-20 12:09:27,695 - INFO - --------------------------------------------------------------------------------
2023-12-20 12:09:27,695 - INFO - 确认加入变量**NOX**(-256.2277851471896<-225.65703385692348)，当前已有变量**['LSTAT', 'PTRATIO', 'RM', 'CRIM', 'B', 'DIS', 'NOX']**
2023-12-20 12:09:34,793 - INFO - Rp_square=0.7936, Rap_square=0.7906, Cp=33.6818, AIC=-1660.9769, SBC=-1627.3405, PRESS=17.6553
2023-12-20 12:09:34,905 - INFO - --------------------------------------------------------------------------------
2023-12-20 12:09:34,905 - INFO - 

2023-12-20 12:09:35,086 - INFO - --------------------------------------------------------------------------------
2023-12-20 12:09:35,086 - INFO - 确认加入变量**CHAS**(-260.84602130896644<-256.2277851471896)，当前已有变量**['LSTAT', 'PTRATIO', 'RM', 'CRIM', 'B', 'DIS', 'NOX', 'CHAS']**
2023-12-20 12:09:42,996 - INFO - Rp_square=0.7963, Rap_square=0.793, Cp=28.8727, AIC=-1665.5952, SBC=-1627.7541, PRESS=17.4862
2023-12-20 12:09:43,069 - INFO - --------------------------------------------------------------------------------
2023-12-20 12:09:43,070 - INFO - 

2023-12-20 12:09:43,138 - INFO - --------------------------------------------------------------------------------
2023-12-20 12:09:43,139 - INFO - 确认加入变量**RAD**(-262.2575941943834<-260.84602130896644)，当前已有变量**['LSTAT', 'PTRATIO', 'RM', 'CRIM', 'B', 'DIS', 'NOX', 'CHAS', 'RAD']**
2023-12-20 12:09:51,317 - INFO - Rp_square=0.7977, Rap_square=0.794, Cp=27.3982, AIC=-1667.0067, SBC=-1624.9612, PRESS=17.5008
2023-12-20 12:09:51,467 - INFO - --------------------------------------------------------------------------------
2023-12-20 12:09:51,468 - INFO - 

2023-12-20 12:09:51,610 - INFO - --------------------------------------------------------------------------------
2023-12-20 12:09:51,610 - INFO - 确认加入变量**TAX**(-277.4942277642832<-262.2575941943834)，当前已有变量**['LSTAT', 'PTRATIO', 'RM', 'CRIM', 'B', 'DIS', 'NOX', 'CHAS', 'RAD', 'TAX']**
2023-12-20 12:10:00,059 - INFO - Rp_square=0.8046, Rap_square=0.8006, Cp=12.2051, AIC=-1682.2434, SBC=-1635.9932, PRESS=16.9937
2023-12-20 12:10:00,170 - INFO - --------------------------------------------------------------------------------
2023-12-20 12:10:00,170 - INFO - 

2023-12-20 12:10:00,215 - INFO - --------------------------------------------------------------------------------
2023-12-20 12:10:00,215 - INFO - 确认加入变量**ZN**(-277.7913864090216<-277.4942277642832)，当前已有变量**['LSTAT', 'PTRATIO', 'RM', 'CRIM', 'B', 'DIS', 'NOX', 'CHAS', 'RAD', 'TAX', 'ZN']**
2023-12-20 12:10:09,282 - INFO - Rp_square=0.8055, Rap_square=0.8011, Cp=11.9586, AIC=-1682.5405, SBC=-1632.0858, PRESS=16.9629
2023-12-20 12:10:09,408 - INFO - --------------------------------------------------------------------------------
2023-12-20 12:10:09,408 - INFO - 

2023-12-20 12:10:09,440 - INFO - --------------------------------------------------------------------------------
2023-12-20 12:10:09,440 - INFO - 剩余的所有变量均不显著，当前已选择变量**['LSTAT', 'PTRATIO', 'RM', 'CRIM', 'B', 'DIS', 'NOX', 'CHAS', 'RAD', 'TAX', 'ZN']**
2023-12-20 12:10:09,440 - INFO - --------------------------------------------------------------------------------
2023-12-20 12:10:09,441 - INFO - ********************['LSTAT', 'PTRATIO', 'RM', 'CRIM', 'B', 'DIS', 'NOX', 'CHAS', 'RAD', 'TAX', 'ZN']********************
2023-12-20 12:10:18,466 - INFO - Rp_square=0.8055, Rap_square=0.8011, Cp=11.9586, AIC=-1682.5405, SBC=-1632.0858, PRESS=16.9629
2023-12-20 12:10:18,467 - INFO - --------------------------------------------------------------------------------
2023-12-20 12:10:18,467 - INFO - 普通多元线性回归模型的结果：
2023-12-20 12:10:18,476 - INFO - 变量：['LSTAT', 'PTRATIO', 'RM', 'CRIM', 'B', 'DIS', 'NOX', 'CHAS', 'RAD', 'TAX', 'ZN']
2023-12-20 12:10:18,476 - INFO - 系数：[-0.16732548948228887, -0.08024619650409828, 0.09258841222756824, -0.08674552294947933, 0.03853135916778687, -0.09145023609520729, -0.07871013114702397, 0.018479278232312504, 0.0935519791324541, -0.09270730336147912, 0.01783711572741583]
2023-12-20 12:10:18,476 - INFO - 截距：3.033107546784684
2023-12-20 12:10:18,487 - INFO - 筛选特征后的模型评价结果：
2023-12-20 12:10:18,490 - INFO - r2=0.8055
2023-12-20 12:10:18,492 - INFO - mse=0.0318
2023-12-20 12:10:18,494 - INFO - mae=0.1241
2023-12-20 12:10:18,582 - INFO - cross_validation-kflod=5:
2023-12-20 12:10:18,582 - INFO - r2_mean=0.7864701337814821
2023-12-20 12:10:18,583 - INFO - mse_mean=0.0337650087467428
2023-12-20 12:10:18,583 - INFO - mae_mean=0.12852854798379473
2023-12-20 12:10:18,824 - INFO - cross_validation-kflod=10:
2023-12-20 12:10:18,825 - INFO - r2_mean=0.7834191476822742
2023-12-20 12:10:18,825 - INFO - mse_mean=0.0341282414556143
2023-12-20 12:10:18,825 - INFO - mae_mean=0.12838324547189306
2023-12-20 12:10:18,826 - INFO - --------------------------------------------------------------------------------
2023-12-20 12:10:18,826 - INFO - 岭回归模型的结果：
2023-12-20 12:10:18,837 - INFO - 变量：['LSTAT', 'PTRATIO', 'RM', 'CRIM', 'B', 'DIS', 'NOX', 'CHAS', 'RAD', 'TAX', 'ZN']
2023-12-20 12:10:18,838 - INFO - 系数：[-0.16702333602970376, -0.08011514026051282, 0.09285565999227233, -0.08650769428744765, 0.03853686297113943, -0.0908683866118431, -0.07839266645275665, 0.018520384579296098, 0.09230219109141152, -0.09173194251131793, 0.017661153201651413]
2023-12-20 12:10:18,838 - INFO - 截距：3.033107546784684
2023-12-20 12:10:18,875 - INFO - 筛选特征后的模型评价结果：
2023-12-20 12:10:18,879 - INFO - r2=0.8055
2023-12-20 12:10:18,881 - INFO - mse=0.0318
2023-12-20 12:10:18,883 - INFO - mae=0.1241
2023-12-20 12:10:18,984 - INFO - cross_validation-kflod=5:
2023-12-20 12:10:18,985 - INFO - r2_mean=0.7864701337814821
2023-12-20 12:10:18,985 - INFO - mse_mean=0.0337650087467428
2023-12-20 12:10:18,985 - INFO - mae_mean=0.12852854798379473
2023-12-20 12:10:19,150 - INFO - cross_validation-kflod=10:
2023-12-20 12:10:19,150 - INFO - r2_mean=0.7834191476822742
2023-12-20 12:10:19,150 - INFO - mse_mean=0.0341282414556143
2023-12-20 12:10:19,151 - INFO - mae_mean=0.12838324547189306
2023-12-20 12:10:19,151 - INFO - --------------------------------------------------------------------------------
